{"name": "Shopping cart - empty state", "status": "broken", "statusDetails": {"message": "selenium.common.exceptions.TimeoutException: Message: \n\n", "trace": "  File \"c:\\users\\oleg3\\pycharmprojects\\homedepot\\venv\\lib\\site-packages\\behave\\model.py\", line 1329, in run\n    match.run(runner.context)\n  File \"c:\\users\\oleg3\\pycharmprojects\\homedepot\\venv\\lib\\site-packages\\behave\\matchers.py\", line 98, in run\n    self.func(context, *args, **kwargs)\n  File \"features\\steps\\main_page_steps.py\", line 97, in verify_empty_cart\n    context.app.product_page.verify_empty_cart(expected_text)\n  File \"C:\\Users\\oleg3\\PycharmProjects\\homedepot\\pages\\product_page.py\", line 49, in verify_empty_cart\n    self.verify_exactly_text(expected_text, *self.EMTY_CART)\n  File \"C:\\Users\\oleg3\\PycharmProjects\\homedepot\\pages\\base_page.py\", line 86, in verify_exactly_text\n    actual_text = self.driver.wait.until(EC.visibility_of_any_elements_located(locator))[0].text\n  File \"c:\\users\\oleg3\\pycharmprojects\\homedepot\\venv\\lib\\site-packages\\selenium\\webdriver\\support\\wait.py\", line 80, in until\n    raise TimeoutException(message, screen, stacktrace)\n"}, "steps": [{"name": "Given Open Homedepot page", "status": "passed", "start": 1586308633078, "stop": 1586308687620}, {"name": "When Click 'cart' button", "status": "passed", "start": 1586308687620, "stop": 1586308710376}, {"name": "Then Expected cart page will have empty in the title Your shopping cart is empty.", "status": "broken", "statusDetails": {"message": "selenium.common.exceptions.TimeoutException: Message: \n\n", "trace": "  File \"c:\\users\\oleg3\\pycharmprojects\\homedepot\\venv\\lib\\site-packages\\behave\\model.py\", line 1329, in run\n    match.run(runner.context)\n  File \"c:\\users\\oleg3\\pycharmprojects\\homedepot\\venv\\lib\\site-packages\\behave\\matchers.py\", line 98, in run\n    self.func(context, *args, **kwargs)\n  File \"features\\steps\\main_page_steps.py\", line 97, in verify_empty_cart\n    context.app.product_page.verify_empty_cart(expected_text)\n  File \"C:\\Users\\oleg3\\PycharmProjects\\homedepot\\pages\\product_page.py\", line 49, in verify_empty_cart\n    self.verify_exactly_text(expected_text, *self.EMTY_CART)\n  File \"C:\\Users\\oleg3\\PycharmProjects\\homedepot\\pages\\base_page.py\", line 86, in verify_exactly_text\n    actual_text = self.driver.wait.until(EC.visibility_of_any_elements_located(locator))[0].text\n  File \"c:\\users\\oleg3\\pycharmprojects\\homedepot\\venv\\lib\\site-packages\\selenium\\webdriver\\support\\wait.py\", line 80, in until\n    raise TimeoutException(message, screen, stacktrace)\n"}, "start": 1586308710378, "stop": 1586308741997}], "start": 1586308630744, "stop": 1586308744200, "uuid": "83384a23-9d4a-45e0-8c82-4965c252ecc8", "historyId": "628f6384d3dfaafb761f75384e115844", "labels": [{"name": "severity", "value": "normal"}, {"name": "feature", "value": "Auto-suggestion"}, {"name": "framework", "value": "behave"}, {"name": "language", "value": "cpython3"}]}