{"name": "User is able to write a review", "status": "broken", "statusDetails": {"message": "selenium.common.exceptions.TimeoutException: Message: \n\n", "trace": "  File \"c:\\users\\oleg3\\pycharmprojects\\homedepot\\venv\\lib\\site-packages\\behave\\model.py\", line 1329, in run\n    match.run(runner.context)\n  File \"c:\\users\\oleg3\\pycharmprojects\\homedepot\\venv\\lib\\site-packages\\behave\\matchers.py\", line 98, in run\n    self.func(context, *args, **kwargs)\n  File \"features\\steps\\main_page_steps.py\", line 65, in search_product\n    context.app.product_page.search_product(product)\n  File \"C:\\Users\\oleg3\\PycharmProjects\\homedepot\\pages\\product_page.py\", line 23, in search_product\n    self.input_text(product, *self.SEARCH_FILD)\n  File \"C:\\Users\\oleg3\\PycharmProjects\\homedepot\\pages\\base_page.py\", line 49, in input_text\n    e = self.driver.wait.until(EC.element_to_be_clickable(locator))\n  File \"c:\\users\\oleg3\\pycharmprojects\\homedepot\\venv\\lib\\site-packages\\selenium\\webdriver\\support\\wait.py\", line 80, in until\n    raise TimeoutException(message, screen, stacktrace)\n"}, "steps": [{"name": "Given Open Homedepot page", "status": "passed", "start": 1586308868737, "stop": 1586308890036}, {"name": "When Insert hammer in search field", "status": "broken", "statusDetails": {"message": "selenium.common.exceptions.TimeoutException: Message: \n\n", "trace": "  File \"c:\\users\\oleg3\\pycharmprojects\\homedepot\\venv\\lib\\site-packages\\behave\\model.py\", line 1329, in run\n    match.run(runner.context)\n  File \"c:\\users\\oleg3\\pycharmprojects\\homedepot\\venv\\lib\\site-packages\\behave\\matchers.py\", line 98, in run\n    self.func(context, *args, **kwargs)\n  File \"features\\steps\\main_page_steps.py\", line 65, in search_product\n    context.app.product_page.search_product(product)\n  File \"C:\\Users\\oleg3\\PycharmProjects\\homedepot\\pages\\product_page.py\", line 23, in search_product\n    self.input_text(product, *self.SEARCH_FILD)\n  File \"C:\\Users\\oleg3\\PycharmProjects\\homedepot\\pages\\base_page.py\", line 49, in input_text\n    e = self.driver.wait.until(EC.element_to_be_clickable(locator))\n  File \"c:\\users\\oleg3\\pycharmprojects\\homedepot\\venv\\lib\\site-packages\\selenium\\webdriver\\support\\wait.py\", line 80, in until\n    raise TimeoutException(message, screen, stacktrace)\n"}, "start": 1586308890036, "stop": 1586308921678}, {"name": "And On search results page choose something and click it", "status": "broken", "statusDetails": {"message": "\nYou can implement step definitions for undefined steps with these snippets:\n\n@when(u'On search results page choose something and click it')\ndef step_impl(context):\n    raise NotImplementedError(u'STEP: When On search results page choose something and click it')\n\n"}, "start": 1586308923862, "stop": 1586308923862}, {"name": "And click \"write review\" button", "status": "broken", "statusDetails": {"message": "\nYou can implement step definitions for undefined steps with these snippets:\n\n@when(u'click \"write review\" button')\ndef step_impl(context):\n    raise NotImplementedError(u'STEP: When click \"write review\" button')\n\n"}, "start": 1586308923863, "stop": 1586308923863}, {"name": "Then expected product has \"write review\" button", "status": "broken", "statusDetails": {"message": "\nYou can implement step definitions for undefined steps with these snippets:\n\n@then(u'expected product has \"write review\" button')\ndef step_impl(context):\n    raise NotImplementedError(u'STEP: Then expected product has \"write review\" button')\n\n"}, "start": 1586308923863, "stop": 1586308923863}], "start": 1586308865429, "stop": 1586308923863, "uuid": "02be8ed6-9b7b-4a7c-827e-6659b112e490", "historyId": "ab3a67ac2e3ffca00dd8dd7679d5194d", "labels": [{"name": "severity", "value": "normal"}, {"name": "feature", "value": "Auto-suggestion"}, {"name": "framework", "value": "behave"}, {"name": "language", "value": "cpython3"}]}